<?xml version="1.0" encoding="UTF-8"?>
<!-- Generated by org.testng.reporters.JUnitXMLReporter -->
<testsuite ignored="0" hostname="mymac-3.local" failures="0" tests="2" name="validateNavigationBar" time="33.904" errors="0" timestamp="2022-02-03T11:42:22 CST">
  <testcase classname="io.cucumber.testng.AbstractTestNGCucumberTests" name="runScenario" time="9.538"/>
  <testcase classname="io.cucumber.testng.AbstractTestNGCucumberTests" name="runScenario" time="7.779"/>
</testsuite> <!-- validateNavigationBar -->
