<?xml version="1.0" encoding="UTF-8"?>
<testng-results ignored="0" total="3" passed="2" failed="1" skipped="0">
  <reporter-output>
  </reporter-output>
  <suite started-at="2022-02-03T11:26:16 CST" name="Default suite" finished-at="2022-02-03T11:26:45 CST" duration-ms="28277">
    <groups>
      <group name="cucumber">
        <method signature="AbstractTestNGCucumberTests.runScenario(io.cucumber.testng.PickleWrapper,io.cucumber.testng.FeatureWrapper)[pri:0, instance:cucumberOptions.TestRunner@e056f20]" name="runScenario" class="io.cucumber.testng.AbstractTestNGCucumberTests"/>
      </group> <!-- cucumber -->
    </groups>
    <test started-at="2022-02-03T11:26:16 CST" name="Default test" finished-at="2022-02-03T11:26:45 CST" duration-ms="28277">
      <class name="cucumberOptions.TestRunner">
        <test-method is-config="true" signature="setUpClass(org.testng.ITestContext)[pri:0, instance:cucumberOptions.TestRunner@e056f20]" started-at="2022-02-03T11:26:16 CST" name="setUpClass" finished-at="2022-02-03T11:26:17 CST" duration-ms="92" status="PASS">
          <params>
            <param index="0">
              <value>
                <![CDATA[org.testng.TestRunner@2b1cd7bc]]>
              </value>
            </param>
          </params>
          <reporter-output>
          </reporter-output>
        </test-method> <!-- setUpClass -->
        <test-method signature="runScenario(io.cucumber.testng.PickleWrapper,io.cucumber.testng.FeatureWrapper)[pri:0, instance:cucumberOptions.TestRunner@e056f20]" started-at="2022-02-03T11:26:17 CST" name="runScenario" description="Runs Cucumber Scenarios" data-provider="scenarios" finished-at="2022-02-03T11:26:26 CST" duration-ms="9344" status="PASS">
          <params>
            <param index="0">
              <value>
                <![CDATA["Positive test validating login"]]>
              </value>
            </param>
            <param index="1">
              <value>
                <![CDATA["Optional[Login into Application]"]]>
              </value>
            </param>
          </params>
          <reporter-output>
          </reporter-output>
        </test-method> <!-- runScenario -->
        <test-method signature="runScenario(io.cucumber.testng.PickleWrapper,io.cucumber.testng.FeatureWrapper)[pri:0, instance:cucumberOptions.TestRunner@e056f20]" started-at="2022-02-03T11:26:26 CST" name="runScenario" description="Runs Cucumber Scenarios" data-provider="scenarios" finished-at="2022-02-03T11:26:33 CST" duration-ms="7202" status="PASS">
          <params>
            <param index="0">
              <value>
                <![CDATA["Positive test validating login"]]>
              </value>
            </param>
            <param index="1">
              <value>
                <![CDATA["Optional[Login into Application]"]]>
              </value>
            </param>
          </params>
          <reporter-output>
          </reporter-output>
        </test-method> <!-- runScenario -->
        <test-method signature="runScenario(io.cucumber.testng.PickleWrapper,io.cucumber.testng.FeatureWrapper)[pri:0, instance:cucumberOptions.TestRunner@e056f20]" started-at="2022-02-03T11:26:33 CST" name="runScenario" description="Runs Cucumber Scenarios" data-provider="scenarios" finished-at="2022-02-03T11:26:45 CST" duration-ms="11619" status="FAIL">
          <params>
            <param index="0">
              <value>
                <![CDATA["Positive test validating login"]]>
              </value>
            </param>
            <param index="1">
              <value>
                <![CDATA["Optional[Login into Application]"]]>
              </value>
            </param>
          </params>
          <exception class="org.openqa.selenium.NoSuchElementException">
            <message>
              <![CDATA[Unable to find element with locator By.cssSelector: #search-courses
For documentation on this error, please visit: https://selenium.dev/exceptions/#no_such_element
Build info: version: '4.1.1', revision: 'e8fcc2cecf'
System info: host: 'mymac-3.local', ip: '2601:240:e281:3670:0:0:0:dcf%en0', os.name: 'Mac OS X', os.arch: 'aarch64', os.version: '12.1', java.version: '17.0.1'
Driver info: driver.version: RemoteWebDriver]]>
            </message>
            <full-stacktrace>
              <![CDATA[org.openqa.selenium.NoSuchElementException: Unable to find element with locator By.cssSelector: #search-courses
For documentation on this error, please visit: https://selenium.dev/exceptions/#no_such_element
Build info: version: '4.1.1', revision: 'e8fcc2cecf'
System info: host: 'mymac-3.local', ip: '2601:240:e281:3670:0:0:0:dcf%en0', os.name: 'Mac OS X', os.arch: 'aarch64', os.version: '12.1', java.version: '17.0.1'
Driver info: driver.version: RemoteWebDriver
at org.openqa.selenium.remote.ElementLocation$ElementFinder$2.findElement(ElementLocation.java:165)
at org.openqa.selenium.remote.ElementLocation.findElement(ElementLocation.java:60)
at org.openqa.selenium.remote.RemoteWebDriver.findElement(RemoteWebDriver.java:367)
at org.openqa.selenium.remote.RemoteWebDriver.findElement(RemoteWebDriver.java:359)
at pageObjects.portalHomePage.getSearchBox(portalHomePage.java:22)
at stepDefinitions.stepDefinition.verify_that_user_is_successfully_logged_in(stepDefinition.java:46)
at ✽.Verify that user is successfully logged in(file:///Users/kushtar/eclipse-workspace/E2EProject/src/test/java/features/login.feature:8)
]]>
            </full-stacktrace>
          </exception> <!-- org.openqa.selenium.NoSuchElementException -->
          <reporter-output>
          </reporter-output>
        </test-method> <!-- runScenario -->
        <test-method is-config="true" signature="tearDownClass()[pri:0, instance:cucumberOptions.TestRunner@e056f20]" started-at="2022-02-03T11:26:45 CST" name="tearDownClass" finished-at="2022-02-03T11:26:45 CST" duration-ms="4" status="PASS">
          <reporter-output>
          </reporter-output>
        </test-method> <!-- tearDownClass -->
      </class> <!-- cucumberOptions.TestRunner -->
    </test> <!-- Default test -->
  </suite> <!-- Default suite -->
</testng-results>
